2025-02-07 17:15:08.320 +02:00 [INF] Додаток запущно
2025-02-07 17:15:08.343 +02:00 [DBG] Виконується операція 15.2 + 7.1
2025-02-07 17:15:08.347 +02:00 [INF] Результат додавання 15.2 + 7.1 = 22.299999999999997
2025-02-07 17:15:08.348 +02:00 [INF] Робота додатку завершена
2025-02-07 17:28:09.738 +02:00 [INF] Додаток запущено
2025-02-07 17:28:09.759 +02:00 [DBG] Виконується операція 15.2 + 7.1
2025-02-07 17:28:09.762 +02:00 [DBG] Виконується операція 15.2 / 7.1
2025-02-07 17:28:09.762 +02:00 [DBG] Виконується операція 15.2 * 7.1
2025-02-07 17:28:09.762 +02:00 [DBG] Виконується операція 15.2 - 7.1
2025-02-07 17:28:09.762 +02:00 [INF] Результат додавання 15.2 + 7.1 = 22.299999999999997
2025-02-07 17:28:09.762 +02:00 [INF] Результат віднімання 15.2 - 7.1 = 8.1
2025-02-07 17:28:09.762 +02:00 [INF] Результат множення 15.2 * 7.1 = 107.91999999999999
2025-02-07 17:28:09.762 +02:00 [INF] Результат ділення 15.2 / 7.1 = 2.140845070422535
2025-02-07 17:28:09.762 +02:00 [INF] Робота додатку завершена
2025-02-07 18:38:40.108 +02:00 [INF] Додаток запущено
2025-02-07 18:38:40.138 +02:00 [INF] Прийом замовлення #101 від Клієнт 1
2025-02-07 18:38:40.140 +02:00 [INF] Замовлення #101: Перевірка валідності пройдена
2025-02-07 18:38:40.140 +02:00 [INF] Обробка оплати для замовлення #101
2025-02-07 18:38:40.140 +02:00 [INF] Оплата для замовлення #101 успішно пройдена
2025-02-07 18:38:40.140 +02:00 [INF] Замовлення #101 підтверджене
2025-02-07 18:38:40.140 +02:00 [INF] Прийом замовлення #102 від Клієнт 1
2025-02-07 18:38:40.140 +02:00 [INF] Замовлення #102: Перевірка валідності пройдена
2025-02-07 18:38:40.140 +02:00 [INF] Обробка оплати для замовлення #102
2025-02-07 18:38:40.141 +02:00 [INF] Оплата для замовлення #102 успішно пройдена
2025-02-07 18:38:40.141 +02:00 [INF] Замовлення #102 підтверджене
2025-02-07 18:38:40.141 +02:00 [INF] Прийом замовлення #103 від Клієнт 1
2025-02-07 18:38:40.141 +02:00 [INF] Замовлення #103: Перевірка валідності пройдена
2025-02-07 18:38:40.141 +02:00 [INF] Обробка оплати для замовлення #103
2025-02-07 18:38:40.141 +02:00 [INF] Оплата для замовлення #103 успішно пройдена
2025-02-07 18:38:40.141 +02:00 [INF] Замовлення #103 підтверджене
2025-02-07 18:38:40.141 +02:00 [INF] Прийом замовлення #101 від Клієнт 2
2025-02-07 18:38:40.141 +02:00 [INF] Замовлення #101: Перевірка валідності пройдена
2025-02-07 18:38:40.141 +02:00 [INF] Обробка оплати для замовлення #101
2025-02-07 18:38:40.142 +02:00 [ERR] Помилка під час обробки замовлення #101
System.Exception: Помилка оплати. Платіж не пройшов.
   at Program.ProcessPayment(Int32 orderId) in /Users/mhskrip/Desktop/C#/Logs/Program.cs:line 77
   at Program.ProcessOrder(Int32 orderId, String customer, Int32 quantity) in /Users/mhskrip/Desktop/C#/Logs/Program.cs:line 62
2025-02-07 18:38:40.147 +02:00 [INF] Прийом замовлення #102 від Клієнт 2
2025-02-07 18:38:40.147 +02:00 [INF] Замовлення #102: Перевірка валідності пройдена
2025-02-07 18:38:40.147 +02:00 [INF] Обробка оплати для замовлення #102
2025-02-07 18:38:40.147 +02:00 [INF] Оплата для замовлення #102 успішно пройдена
2025-02-07 18:38:40.147 +02:00 [INF] Замовлення #102 підтверджене
2025-02-07 18:38:40.147 +02:00 [INF] Прийом замовлення #103 від Клієнт 2
2025-02-07 18:38:40.147 +02:00 [INF] Замовлення #103: Перевірка валідності пройдена
2025-02-07 18:38:40.147 +02:00 [INF] Обробка оплати для замовлення #103
2025-02-07 18:38:40.147 +02:00 [INF] Оплата для замовлення #103 успішно пройдена
2025-02-07 18:38:40.147 +02:00 [INF] Замовлення #103 підтверджене
2025-02-07 18:38:40.147 +02:00 [INF] Прийом замовлення #101 від Клієнт 3
2025-02-07 18:38:40.147 +02:00 [INF] Замовлення #101: Перевірка валідності пройдена
2025-02-07 18:38:40.147 +02:00 [INF] Обробка оплати для замовлення #101
2025-02-07 18:38:40.147 +02:00 [INF] Оплата для замовлення #101 успішно пройдена
2025-02-07 18:38:40.147 +02:00 [INF] Замовлення #101 підтверджене
2025-02-07 18:38:40.148 +02:00 [INF] Прийом замовлення #102 від Клієнт 3
2025-02-07 18:38:40.148 +02:00 [INF] Замовлення #102: Перевірка валідності пройдена
2025-02-07 18:38:40.148 +02:00 [INF] Обробка оплати для замовлення #102
2025-02-07 18:38:40.148 +02:00 [INF] Оплата для замовлення #102 успішно пройдена
2025-02-07 18:38:40.148 +02:00 [INF] Замовлення #102 підтверджене
2025-02-07 18:38:40.148 +02:00 [INF] Прийом замовлення #103 від Клієнт 3
2025-02-07 18:38:40.148 +02:00 [INF] Замовлення #103: Перевірка валідності пройдена
2025-02-07 18:38:40.148 +02:00 [INF] Обробка оплати для замовлення #103
2025-02-07 18:38:40.148 +02:00 [INF] Оплата для замовлення #103 успішно пройдена
2025-02-07 18:38:40.148 +02:00 [INF] Замовлення #103 підтверджене
2025-02-07 18:38:40.148 +02:00 [INF] Робота додатку завершена
